Terminals unused in grammar

    PE_PREFIX_RAW
    PE_PREFIX_GROUP
    PE_ERROR


Grammar

    0 $accept: start $end

    1 start: PE_START_EVENTS start_events
    2      | PE_START_TERMS start_terms

    3 start_events: groups

    4 groups: groups ',' group
    5       | groups ',' event
    6       | group
    7       | event

    8 group: group_def ':' PE_MODIFIER_EVENT
    9      | group_def

   10 group_def: PE_NAME '{' events '}'
   11          | '{' events '}'

   12 events: events ',' event
   13       | event

   14 event: event_mod

   15 event_mod: event_name PE_MODIFIER_EVENT
   16          | event_name

   17 event_name: PE_EVENT_NAME event_def
   18           | event_def

   19 event_def: event_pmu
   20          | event_legacy_symbol
   21          | event_legacy_cache sep_dc
   22          | event_legacy_mem
   23          | event_legacy_tracepoint sep_dc
   24          | event_legacy_numeric sep_dc
   25          | event_legacy_raw sep_dc
   26          | event_bpf_file

   27 event_pmu: PE_NAME opt_pmu_config
   28          | PE_KERNEL_PMU_EVENT sep_dc
   29          | PE_PMU_EVENT_PRE '-' PE_PMU_EVENT_SUF sep_dc

   30 value_sym: PE_VALUE_SYM_HW
   31          | PE_VALUE_SYM_SW

   32 event_legacy_symbol: value_sym '/' event_config '/'
   33                    | value_sym sep_slash_slash_dc
   34                    | PE_VALUE_SYM_TOOL sep_slash_slash_dc

   35 event_legacy_cache: PE_NAME_CACHE_TYPE '-' PE_NAME_CACHE_OP_RESULT '-' PE_NAME_CACHE_OP_RESULT opt_event_config
   36                   | PE_NAME_CACHE_TYPE '-' PE_NAME_CACHE_OP_RESULT opt_event_config
   37                   | PE_NAME_CACHE_TYPE opt_event_config

   38 event_legacy_mem: PE_PREFIX_MEM PE_VALUE '/' PE_VALUE ':' PE_MODIFIER_BP sep_dc
   39                 | PE_PREFIX_MEM PE_VALUE '/' PE_VALUE sep_dc
   40                 | PE_PREFIX_MEM PE_VALUE ':' PE_MODIFIER_BP sep_dc
   41                 | PE_PREFIX_MEM PE_VALUE sep_dc

   42 event_legacy_tracepoint: tracepoint_name opt_event_config

   43 tracepoint_name: PE_NAME '-' PE_NAME ':' PE_NAME
   44                | PE_NAME ':' PE_NAME

   45 event_legacy_numeric: PE_VALUE ':' PE_VALUE opt_event_config

   46 event_legacy_raw: PE_RAW opt_event_config

   47 event_bpf_file: PE_BPF_OBJECT opt_event_config
   48               | PE_BPF_SOURCE opt_event_config

   49 opt_event_config: '/' event_config '/'
   50                 | '/' '/'
   51                 | %empty

   52 opt_pmu_config: '/' event_config '/'
   53               | '/' '/'

   54 start_terms: event_config

   55 event_config: event_config ',' event_term
   56             | event_term

   57 event_term: PE_NAME '=' PE_NAME
   58           | PE_NAME '=' PE_VALUE
   59           | PE_NAME '=' PE_VALUE_SYM_HW
   60           | PE_NAME
   61           | PE_VALUE_SYM_HW
   62           | PE_TERM '=' PE_NAME
   63           | PE_TERM '=' PE_VALUE
   64           | PE_TERM
   65           | PE_NAME array '=' PE_NAME
   66           | PE_NAME array '=' PE_VALUE
   67           | PE_DRV_CFG_TERM

   68 array: '[' array_terms ']'
   69      | PE_ARRAY_ALL

   70 array_terms: array_terms ',' array_term
   71            | array_term

   72 array_term: PE_VALUE
   73           | PE_VALUE PE_ARRAY_RANGE PE_VALUE

   74 sep_dc: ':'
   75       | %empty

   76 sep_slash_slash_dc: '/' '/'
   77                   | ':'
   78                   | %empty


Terminals, with rules where they appear

    $end (0) 0
    ',' (44) 4 5 12 55 70
    '-' (45) 29 35 36 43
    '/' (47) 32 38 39 49 50 52 53 76
    ':' (58) 8 38 40 43 44 45 74 77
    '=' (61) 57 58 59 62 63 65 66
    '[' (91) 68
    ']' (93) 68
    '{' (123) 10 11
    '}' (125) 10 11
    error (256)
    PE_START_EVENTS (258) 1
    PE_START_TERMS (259) 2
    PE_VALUE <num> (260) 38 39 40 41 45 58 63 66 72 73
    PE_VALUE_SYM_HW <num> (261) 30 59 61
    PE_VALUE_SYM_SW <num> (262) 31
    PE_RAW <num> (263) 46
    PE_TERM <num> (264) 62 63 64
    PE_VALUE_SYM_TOOL <num> (265) 34
    PE_EVENT_NAME <str> (266) 17
    PE_NAME <str> (267) 10 27 43 44 57 58 59 60 62 65 66
    PE_BPF_OBJECT <str> (268) 47
    PE_BPF_SOURCE <str> (269) 48
    PE_MODIFIER_EVENT <str> (270) 8 15
    PE_MODIFIER_BP <str> (271) 38 40
    PE_NAME_CACHE_TYPE <str> (272) 35 36 37
    PE_NAME_CACHE_OP_RESULT <str> (273) 35 36
    PE_PREFIX_MEM (274) 38 39 40 41
    PE_PREFIX_RAW (275)
    PE_PREFIX_GROUP (276)
    PE_ERROR (277)
    PE_PMU_EVENT_PRE <str> (278) 29
    PE_PMU_EVENT_SUF <str> (279) 29
    PE_KERNEL_PMU_EVENT <str> (280) 28
    PE_ARRAY_ALL (281) 69
    PE_ARRAY_RANGE (282) 73
    PE_DRV_CFG_TERM <str> (283) 67


Nonterminals, with rules where they appear

    $accept (38)
        on left: 0
    start (39)
        on left: 1 2
        on right: 0
    start_events (40)
        on left: 3
        on right: 1
    groups <head> (41)
        on left: 4 5 6 7
        on right: 3 4 5
    group <head> (42)
        on left: 8 9
        on right: 4 6
    group_def <head> (43)
        on left: 10 11
        on right: 8 9
    events <head> (44)
        on left: 12 13
        on right: 10 11 12
    event <head> (45)
        on left: 14
        on right: 5 7 12 13
    event_mod <head> (46)
        on left: 15 16
        on right: 14
    event_name <head> (47)
        on left: 17 18
        on right: 15 16
    event_def <head> (48)
        on left: 19 20 21 22 23 24 25 26
        on right: 17 18
    event_pmu <head> (49)
        on left: 27 28 29
        on right: 19
    value_sym <num> (50)
        on left: 30 31
        on right: 32 33
    event_legacy_symbol <head> (51)
        on left: 32 33 34
        on right: 20
    event_legacy_cache <head> (52)
        on left: 35 36 37
        on right: 21
    event_legacy_mem <head> (53)
        on left: 38 39 40 41
        on right: 22
    event_legacy_tracepoint <head> (54)
        on left: 42
        on right: 23
    tracepoint_name <tracepoint_name> (55)
        on left: 43 44
        on right: 42
    event_legacy_numeric <head> (56)
        on left: 45
        on right: 24
    event_legacy_raw <head> (57)
        on left: 46
        on right: 25
    event_bpf_file <head> (58)
        on left: 47 48
        on right: 26
    opt_event_config <head> (59)
        on left: 49 50 51
        on right: 35 36 37 42 45 46 47 48
    opt_pmu_config <head> (60)
        on left: 52 53
        on right: 27
    start_terms (61)
        on left: 54
        on right: 2
    event_config <head> (62)
        on left: 55 56
        on right: 32 49 52 54 55
    event_term <term> (63)
        on left: 57 58 59 60 61 62 63 64 65 66 67
        on right: 55 56
    array <array> (64)
        on left: 68 69
        on right: 65 66
    array_terms <array> (65)
        on left: 70 71
        on right: 68 70
    array_term <array> (66)
        on left: 72 73
        on right: 70 71
    sep_dc (67)
        on left: 74 75
        on right: 21 23 24 25 28 29 38 39 40 41
    sep_slash_slash_dc (68)
        on left: 76 77 78
        on right: 33 34


State 0

    0 $accept: . start $end

    PE_START_EVENTS  shift, and go to state 1
    PE_START_TERMS   shift, and go to state 2

    start  go to state 3


State 1

    1 start: PE_START_EVENTS . start_events

    PE_VALUE             shift, and go to state 4
    PE_VALUE_SYM_HW      shift, and go to state 5
    PE_VALUE_SYM_SW      shift, and go to state 6
    PE_RAW               shift, and go to state 7
    PE_VALUE_SYM_TOOL    shift, and go to state 8
    PE_EVENT_NAME        shift, and go to state 9
    PE_NAME              shift, and go to state 10
    PE_BPF_OBJECT        shift, and go to state 11
    PE_BPF_SOURCE        shift, and go to state 12
    PE_NAME_CACHE_TYPE   shift, and go to state 13
    PE_PREFIX_MEM        shift, and go to state 14
    PE_PMU_EVENT_PRE     shift, and go to state 15
    PE_KERNEL_PMU_EVENT  shift, and go to state 16
    '{'                  shift, and go to state 17

    start_events             go to state 18
    groups                   go to state 19
    group                    go to state 20
    group_def                go to state 21
    event                    go to state 22
    event_mod                go to state 23
    event_name               go to state 24
    event_def                go to state 25
    event_pmu                go to state 26
    value_sym                go to state 27
    event_legacy_symbol      go to state 28
    event_legacy_cache       go to state 29
    event_legacy_mem         go to state 30
    event_legacy_tracepoint  go to state 31
    tracepoint_name          go to state 32
    event_legacy_numeric     go to state 33
    event_legacy_raw         go to state 34
    event_bpf_file           go to state 35


State 2

    2 start: PE_START_TERMS . start_terms

    PE_VALUE_SYM_HW  shift, and go to state 36
    PE_TERM          shift, and go to state 37
    PE_NAME          shift, and go to state 38
    PE_DRV_CFG_TERM  shift, and go to state 39

    start_terms   go to state 40
    event_config  go to state 41
    event_term    go to state 42


State 3

    0 $accept: start . $end

    $end  shift, and go to state 43


State 4

   45 event_legacy_numeric: PE_VALUE . ':' PE_VALUE opt_event_config

    ':'  shift, and go to state 44


State 5

   30 value_sym: PE_VALUE_SYM_HW .

    $default  reduce using rule 30 (value_sym)


State 6

   31 value_sym: PE_VALUE_SYM_SW .

    $default  reduce using rule 31 (value_sym)


State 7

   46 event_legacy_raw: PE_RAW . opt_event_config

    '/'  shift, and go to state 45

    $default  reduce using rule 51 (opt_event_config)

    opt_event_config  go to state 46


State 8

   34 event_legacy_symbol: PE_VALUE_SYM_TOOL . sep_slash_slash_dc

    ':'  shift, and go to state 47
    '/'  shift, and go to state 48

    $default  reduce using rule 78 (sep_slash_slash_dc)

    sep_slash_slash_dc  go to state 49


State 9

   17 event_name: PE_EVENT_NAME . event_def

    PE_VALUE             shift, and go to state 4
    PE_VALUE_SYM_HW      shift, and go to state 5
    PE_VALUE_SYM_SW      shift, and go to state 6
    PE_RAW               shift, and go to state 7
    PE_VALUE_SYM_TOOL    shift, and go to state 8
    PE_NAME              shift, and go to state 50
    PE_BPF_OBJECT        shift, and go to state 11
    PE_BPF_SOURCE        shift, and go to state 12
    PE_NAME_CACHE_TYPE   shift, and go to state 13
    PE_PREFIX_MEM        shift, and go to state 14
    PE_PMU_EVENT_PRE     shift, and go to state 15
    PE_KERNEL_PMU_EVENT  shift, and go to state 16

    event_def                go to state 51
    event_pmu                go to state 26
    value_sym                go to state 27
    event_legacy_symbol      go to state 28
    event_legacy_cache       go to state 29
    event_legacy_mem         go to state 30
    event_legacy_tracepoint  go to state 31
    tracepoint_name          go to state 32
    event_legacy_numeric     go to state 33
    event_legacy_raw         go to state 34
    event_bpf_file           go to state 35


State 10

   10 group_def: PE_NAME . '{' events '}'
   27 event_pmu: PE_NAME . opt_pmu_config
   43 tracepoint_name: PE_NAME . '-' PE_NAME ':' PE_NAME
   44                | PE_NAME . ':' PE_NAME

    ':'  shift, and go to state 52
    '{'  shift, and go to state 53
    '-'  shift, and go to state 54
    '/'  shift, and go to state 55

    opt_pmu_config  go to state 56


State 11

   47 event_bpf_file: PE_BPF_OBJECT . opt_event_config

    '/'  shift, and go to state 45

    $default  reduce using rule 51 (opt_event_config)

    opt_event_config  go to state 57


State 12

   48 event_bpf_file: PE_BPF_SOURCE . opt_event_config

    '/'  shift, and go to state 45

    $default  reduce using rule 51 (opt_event_config)

    opt_event_config  go to state 58


State 13

   35 event_legacy_cache: PE_NAME_CACHE_TYPE . '-' PE_NAME_CACHE_OP_RESULT '-' PE_NAME_CACHE_OP_RESULT opt_event_config
   36                   | PE_NAME_CACHE_TYPE . '-' PE_NAME_CACHE_OP_RESULT opt_event_config
   37                   | PE_NAME_CACHE_TYPE . opt_event_config

    '-'  shift, and go to state 59
    '/'  shift, and go to state 45

    $default  reduce using rule 51 (opt_event_config)

    opt_event_config  go to state 60


State 14

   38 event_legacy_mem: PE_PREFIX_MEM . PE_VALUE '/' PE_VALUE ':' PE_MODIFIER_BP sep_dc
   39                 | PE_PREFIX_MEM . PE_VALUE '/' PE_VALUE sep_dc
   40                 | PE_PREFIX_MEM . PE_VALUE ':' PE_MODIFIER_BP sep_dc
   41                 | PE_PREFIX_MEM . PE_VALUE sep_dc

    PE_VALUE  shift, and go to state 61


State 15

   29 event_pmu: PE_PMU_EVENT_PRE . '-' PE_PMU_EVENT_SUF sep_dc

    '-'  shift, and go to state 62


State 16

   28 event_pmu: PE_KERNEL_PMU_EVENT . sep_dc

    ':'  shift, and go to state 63

    $default  reduce using rule 75 (sep_dc)

    sep_dc  go to state 64


State 17

   11 group_def: '{' . events '}'

    PE_VALUE             shift, and go to state 4
    PE_VALUE_SYM_HW      shift, and go to state 5
    PE_VALUE_SYM_SW      shift, and go to state 6
    PE_RAW               shift, and go to state 7
    PE_VALUE_SYM_TOOL    shift, and go to state 8
    PE_EVENT_NAME        shift, and go to state 9
    PE_NAME              shift, and go to state 50
    PE_BPF_OBJECT        shift, and go to state 11
    PE_BPF_SOURCE        shift, and go to state 12
    PE_NAME_CACHE_TYPE   shift, and go to state 13
    PE_PREFIX_MEM        shift, and go to state 14
    PE_PMU_EVENT_PRE     shift, and go to state 15
    PE_KERNEL_PMU_EVENT  shift, and go to state 16

    events                   go to state 65
    event                    go to state 66
    event_mod                go to state 23
    event_name               go to state 24
    event_def                go to state 25
    event_pmu                go to state 26
    value_sym                go to state 27
    event_legacy_symbol      go to state 28
    event_legacy_cache       go to state 29
    event_legacy_mem         go to state 30
    event_legacy_tracepoint  go to state 31
    tracepoint_name          go to state 32
    event_legacy_numeric     go to state 33
    event_legacy_raw         go to state 34
    event_bpf_file           go to state 35


State 18

    1 start: PE_START_EVENTS start_events .

    $default  reduce using rule 1 (start)


State 19

    3 start_events: groups .
    4 groups: groups . ',' group
    5       | groups . ',' event

    ','  shift, and go to state 67

    $default  reduce using rule 3 (start_events)


State 20

    6 groups: group .

    $default  reduce using rule 6 (groups)


State 21

    8 group: group_def . ':' PE_MODIFIER_EVENT
    9      | group_def .

    ':'  shift, and go to state 68

    $default  reduce using rule 9 (group)


State 22

    7 groups: event .

    $default  reduce using rule 7 (groups)


State 23

   14 event: event_mod .

    $default  reduce using rule 14 (event)


State 24

   15 event_mod: event_name . PE_MODIFIER_EVENT
   16          | event_name .

    PE_MODIFIER_EVENT  shift, and go to state 69

    $default  reduce using rule 16 (event_mod)


State 25

   18 event_name: event_def .

    $default  reduce using rule 18 (event_name)


State 26

   19 event_def: event_pmu .

    $default  reduce using rule 19 (event_def)


State 27

   32 event_legacy_symbol: value_sym . '/' event_config '/'
   33                    | value_sym . sep_slash_slash_dc

    ':'  shift, and go to state 47
    '/'  shift, and go to state 70

    $default  reduce using rule 78 (sep_slash_slash_dc)

    sep_slash_slash_dc  go to state 71


State 28

   20 event_def: event_legacy_symbol .

    $default  reduce using rule 20 (event_def)


State 29

   21 event_def: event_legacy_cache . sep_dc

    ':'  shift, and go to state 63

    $default  reduce using rule 75 (sep_dc)

    sep_dc  go to state 72


State 30

   22 event_def: event_legacy_mem .

    $default  reduce using rule 22 (event_def)


State 31

   23 event_def: event_legacy_tracepoint . sep_dc

    ':'  shift, and go to state 63

    $default  reduce using rule 75 (sep_dc)

    sep_dc  go to state 73


State 32

   42 event_legacy_tracepoint: tracepoint_name . opt_event_config

    '/'  shift, and go to state 45

    $default  reduce using rule 51 (opt_event_config)

    opt_event_config  go to state 74


State 33

   24 event_def: event_legacy_numeric . sep_dc

    ':'  shift, and go to state 63

    $default  reduce using rule 75 (sep_dc)

    sep_dc  go to state 75


State 34

   25 event_def: event_legacy_raw . sep_dc

    ':'  shift, and go to state 63

    $default  reduce using rule 75 (sep_dc)

    sep_dc  go to state 76


State 35

   26 event_def: event_bpf_file .

    $default  reduce using rule 26 (event_def)


State 36

   61 event_term: PE_VALUE_SYM_HW .

    $default  reduce using rule 61 (event_term)


State 37

   62 event_term: PE_TERM . '=' PE_NAME
   63           | PE_TERM . '=' PE_VALUE
   64           | PE_TERM .

    '='  shift, and go to state 77

    $default  reduce using rule 64 (event_term)


State 38

   57 event_term: PE_NAME . '=' PE_NAME
   58           | PE_NAME . '=' PE_VALUE
   59           | PE_NAME . '=' PE_VALUE_SYM_HW
   60           | PE_NAME .
   65           | PE_NAME . array '=' PE_NAME
   66           | PE_NAME . array '=' PE_VALUE

    PE_ARRAY_ALL  shift, and go to state 78
    '='           shift, and go to state 79
    '['           shift, and go to state 80

    $default  reduce using rule 60 (event_term)

    array  go to state 81


State 39

   67 event_term: PE_DRV_CFG_TERM .

    $default  reduce using rule 67 (event_term)


State 40

    2 start: PE_START_TERMS start_terms .

    $default  reduce using rule 2 (start)


State 41

   54 start_terms: event_config .
   55 event_config: event_config . ',' event_term

    ','  shift, and go to state 82

    $default  reduce using rule 54 (start_terms)


State 42

   56 event_config: event_term .

    $default  reduce using rule 56 (event_config)


State 43

    0 $accept: start $end .

    $default  accept


State 44

   45 event_legacy_numeric: PE_VALUE ':' . PE_VALUE opt_event_config

    PE_VALUE  shift, and go to state 83


State 45

   49 opt_event_config: '/' . event_config '/'
   50                 | '/' . '/'

    PE_VALUE_SYM_HW  shift, and go to state 36
    PE_TERM          shift, and go to state 37
    PE_NAME          shift, and go to state 38
    PE_DRV_CFG_TERM  shift, and go to state 39
    '/'              shift, and go to state 84

    event_config  go to state 85
    event_term    go to state 42


State 46

   46 event_legacy_raw: PE_RAW opt_event_config .

    $default  reduce using rule 46 (event_legacy_raw)


State 47

   77 sep_slash_slash_dc: ':' .

    $default  reduce using rule 77 (sep_slash_slash_dc)


State 48

   76 sep_slash_slash_dc: '/' . '/'

    '/'  shift, and go to state 86


State 49

   34 event_legacy_symbol: PE_VALUE_SYM_TOOL sep_slash_slash_dc .

    $default  reduce using rule 34 (event_legacy_symbol)


State 50

   27 event_pmu: PE_NAME . opt_pmu_config
   43 tracepoint_name: PE_NAME . '-' PE_NAME ':' PE_NAME
   44                | PE_NAME . ':' PE_NAME

    ':'  shift, and go to state 52
    '-'  shift, and go to state 54
    '/'  shift, and go to state 55

    opt_pmu_config  go to state 56


State 51

   17 event_name: PE_EVENT_NAME event_def .

    $default  reduce using rule 17 (event_name)


State 52

   44 tracepoint_name: PE_NAME ':' . PE_NAME

    PE_NAME  shift, and go to state 87


State 53

   10 group_def: PE_NAME '{' . events '}'

    PE_VALUE             shift, and go to state 4
    PE_VALUE_SYM_HW      shift, and go to state 5
    PE_VALUE_SYM_SW      shift, and go to state 6
    PE_RAW               shift, and go to state 7
    PE_VALUE_SYM_TOOL    shift, and go to state 8
    PE_EVENT_NAME        shift, and go to state 9
    PE_NAME              shift, and go to state 50
    PE_BPF_OBJECT        shift, and go to state 11
    PE_BPF_SOURCE        shift, and go to state 12
    PE_NAME_CACHE_TYPE   shift, and go to state 13
    PE_PREFIX_MEM        shift, and go to state 14
    PE_PMU_EVENT_PRE     shift, and go to state 15
    PE_KERNEL_PMU_EVENT  shift, and go to state 16

    events                   go to state 88
    event                    go to state 66
    event_mod                go to state 23
    event_name               go to state 24
    event_def                go to state 25
    event_pmu                go to state 26
    value_sym                go to state 27
    event_legacy_symbol      go to state 28
    event_legacy_cache       go to state 29
    event_legacy_mem         go to state 30
    event_legacy_tracepoint  go to state 31
    tracepoint_name          go to state 32
    event_legacy_numeric     go to state 33
    event_legacy_raw         go to state 34
    event_bpf_file           go to state 35


State 54

   43 tracepoint_name: PE_NAME '-' . PE_NAME ':' PE_NAME

    PE_NAME  shift, and go to state 89


State 55

   52 opt_pmu_config: '/' . event_config '/'
   53               | '/' . '/'

    PE_VALUE_SYM_HW  shift, and go to state 36
    PE_TERM          shift, and go to state 37
    PE_NAME          shift, and go to state 38
    PE_DRV_CFG_TERM  shift, and go to state 39
    '/'              shift, and go to state 90

    event_config  go to state 91
    event_term    go to state 42


State 56

   27 event_pmu: PE_NAME opt_pmu_config .

    $default  reduce using rule 27 (event_pmu)


State 57

   47 event_bpf_file: PE_BPF_OBJECT opt_event_config .

    $default  reduce using rule 47 (event_bpf_file)


State 58

   48 event_bpf_file: PE_BPF_SOURCE opt_event_config .

    $default  reduce using rule 48 (event_bpf_file)


State 59

   35 event_legacy_cache: PE_NAME_CACHE_TYPE '-' . PE_NAME_CACHE_OP_RESULT '-' PE_NAME_CACHE_OP_RESULT opt_event_config
   36                   | PE_NAME_CACHE_TYPE '-' . PE_NAME_CACHE_OP_RESULT opt_event_config

    PE_NAME_CACHE_OP_RESULT  shift, and go to state 92


State 60

   37 event_legacy_cache: PE_NAME_CACHE_TYPE opt_event_config .

    $default  reduce using rule 37 (event_legacy_cache)


State 61

   38 event_legacy_mem: PE_PREFIX_MEM PE_VALUE . '/' PE_VALUE ':' PE_MODIFIER_BP sep_dc
   39                 | PE_PREFIX_MEM PE_VALUE . '/' PE_VALUE sep_dc
   40                 | PE_PREFIX_MEM PE_VALUE . ':' PE_MODIFIER_BP sep_dc
   41                 | PE_PREFIX_MEM PE_VALUE . sep_dc

    ':'  shift, and go to state 93
    '/'  shift, and go to state 94

    $default  reduce using rule 75 (sep_dc)

    sep_dc  go to state 95


State 62

   29 event_pmu: PE_PMU_EVENT_PRE '-' . PE_PMU_EVENT_SUF sep_dc

    PE_PMU_EVENT_SUF  shift, and go to state 96


State 63

   74 sep_dc: ':' .

    $default  reduce using rule 74 (sep_dc)


State 64

   28 event_pmu: PE_KERNEL_PMU_EVENT sep_dc .

    $default  reduce using rule 28 (event_pmu)


State 65

   11 group_def: '{' events . '}'
   12 events: events . ',' event

    ','  shift, and go to state 97
    '}'  shift, and go to state 98


State 66

   13 events: event .

    $default  reduce using rule 13 (events)


State 67

    4 groups: groups ',' . group
    5       | groups ',' . event

    PE_VALUE             shift, and go to state 4
    PE_VALUE_SYM_HW      shift, and go to state 5
    PE_VALUE_SYM_SW      shift, and go to state 6
    PE_RAW               shift, and go to state 7
    PE_VALUE_SYM_TOOL    shift, and go to state 8
    PE_EVENT_NAME        shift, and go to state 9
    PE_NAME              shift, and go to state 10
    PE_BPF_OBJECT        shift, and go to state 11
    PE_BPF_SOURCE        shift, and go to state 12
    PE_NAME_CACHE_TYPE   shift, and go to state 13
    PE_PREFIX_MEM        shift, and go to state 14
    PE_PMU_EVENT_PRE     shift, and go to state 15
    PE_KERNEL_PMU_EVENT  shift, and go to state 16
    '{'                  shift, and go to state 17

    group                    go to state 99
    group_def                go to state 21
    event                    go to state 100
    event_mod                go to state 23
    event_name               go to state 24
    event_def                go to state 25
    event_pmu                go to state 26
    value_sym                go to state 27
    event_legacy_symbol      go to state 28
    event_legacy_cache       go to state 29
    event_legacy_mem         go to state 30
    event_legacy_tracepoint  go to state 31
    tracepoint_name          go to state 32
    event_legacy_numeric     go to state 33
    event_legacy_raw         go to state 34
    event_bpf_file           go to state 35


State 68

    8 group: group_def ':' . PE_MODIFIER_EVENT

    PE_MODIFIER_EVENT  shift, and go to state 101


State 69

   15 event_mod: event_name PE_MODIFIER_EVENT .

    $default  reduce using rule 15 (event_mod)


State 70

   32 event_legacy_symbol: value_sym '/' . event_config '/'
   76 sep_slash_slash_dc: '/' . '/'

    PE_VALUE_SYM_HW  shift, and go to state 36
    PE_TERM          shift, and go to state 37
    PE_NAME          shift, and go to state 38
    PE_DRV_CFG_TERM  shift, and go to state 39
    '/'              shift, and go to state 86

    event_config  go to state 102
    event_term    go to state 42


State 71

   33 event_legacy_symbol: value_sym sep_slash_slash_dc .

    $default  reduce using rule 33 (event_legacy_symbol)


State 72

   21 event_def: event_legacy_cache sep_dc .

    $default  reduce using rule 21 (event_def)


State 73

   23 event_def: event_legacy_tracepoint sep_dc .

    $default  reduce using rule 23 (event_def)


State 74

   42 event_legacy_tracepoint: tracepoint_name opt_event_config .

    $default  reduce using rule 42 (event_legacy_tracepoint)


State 75

   24 event_def: event_legacy_numeric sep_dc .

    $default  reduce using rule 24 (event_def)


State 76

   25 event_def: event_legacy_raw sep_dc .

    $default  reduce using rule 25 (event_def)


State 77

   62 event_term: PE_TERM '=' . PE_NAME
   63           | PE_TERM '=' . PE_VALUE

    PE_VALUE  shift, and go to state 103
    PE_NAME   shift, and go to state 104


State 78

   69 array: PE_ARRAY_ALL .

    $default  reduce using rule 69 (array)


State 79

   57 event_term: PE_NAME '=' . PE_NAME
   58           | PE_NAME '=' . PE_VALUE
   59           | PE_NAME '=' . PE_VALUE_SYM_HW

    PE_VALUE         shift, and go to state 105
    PE_VALUE_SYM_HW  shift, and go to state 106
    PE_NAME          shift, and go to state 107


State 80

   68 array: '[' . array_terms ']'

    PE_VALUE  shift, and go to state 108

    array_terms  go to state 109
    array_term   go to state 110


State 81

   65 event_term: PE_NAME array . '=' PE_NAME
   66           | PE_NAME array . '=' PE_VALUE

    '='  shift, and go to state 111


State 82

   55 event_config: event_config ',' . event_term

    PE_VALUE_SYM_HW  shift, and go to state 36
    PE_TERM          shift, and go to state 37
    PE_NAME          shift, and go to state 38
    PE_DRV_CFG_TERM  shift, and go to state 39

    event_term  go to state 112


State 83

   45 event_legacy_numeric: PE_VALUE ':' PE_VALUE . opt_event_config

    '/'  shift, and go to state 45

    $default  reduce using rule 51 (opt_event_config)

    opt_event_config  go to state 113


State 84

   50 opt_event_config: '/' '/' .

    $default  reduce using rule 50 (opt_event_config)


State 85

   49 opt_event_config: '/' event_config . '/'
   55 event_config: event_config . ',' event_term

    ','  shift, and go to state 82
    '/'  shift, and go to state 114


State 86

   76 sep_slash_slash_dc: '/' '/' .

    $default  reduce using rule 76 (sep_slash_slash_dc)


State 87

   44 tracepoint_name: PE_NAME ':' PE_NAME .

    $default  reduce using rule 44 (tracepoint_name)


State 88

   10 group_def: PE_NAME '{' events . '}'
   12 events: events . ',' event

    ','  shift, and go to state 97
    '}'  shift, and go to state 115


State 89

   43 tracepoint_name: PE_NAME '-' PE_NAME . ':' PE_NAME

    ':'  shift, and go to state 116


State 90

   53 opt_pmu_config: '/' '/' .

    $default  reduce using rule 53 (opt_pmu_config)


State 91

   52 opt_pmu_config: '/' event_config . '/'
   55 event_config: event_config . ',' event_term

    ','  shift, and go to state 82
    '/'  shift, and go to state 117


State 92

   35 event_legacy_cache: PE_NAME_CACHE_TYPE '-' PE_NAME_CACHE_OP_RESULT . '-' PE_NAME_CACHE_OP_RESULT opt_event_config
   36                   | PE_NAME_CACHE_TYPE '-' PE_NAME_CACHE_OP_RESULT . opt_event_config

    '-'  shift, and go to state 118
    '/'  shift, and go to state 45

    $default  reduce using rule 51 (opt_event_config)

    opt_event_config  go to state 119


State 93

   40 event_legacy_mem: PE_PREFIX_MEM PE_VALUE ':' . PE_MODIFIER_BP sep_dc
   74 sep_dc: ':' .

    PE_MODIFIER_BP  shift, and go to state 120

    $default  reduce using rule 74 (sep_dc)


State 94

   38 event_legacy_mem: PE_PREFIX_MEM PE_VALUE '/' . PE_VALUE ':' PE_MODIFIER_BP sep_dc
   39                 | PE_PREFIX_MEM PE_VALUE '/' . PE_VALUE sep_dc

    PE_VALUE  shift, and go to state 121


State 95

   41 event_legacy_mem: PE_PREFIX_MEM PE_VALUE sep_dc .

    $default  reduce using rule 41 (event_legacy_mem)


State 96

   29 event_pmu: PE_PMU_EVENT_PRE '-' PE_PMU_EVENT_SUF . sep_dc

    ':'  shift, and go to state 63

    $default  reduce using rule 75 (sep_dc)

    sep_dc  go to state 122


State 97

   12 events: events ',' . event

    PE_VALUE             shift, and go to state 4
    PE_VALUE_SYM_HW      shift, and go to state 5
    PE_VALUE_SYM_SW      shift, and go to state 6
    PE_RAW               shift, and go to state 7
    PE_VALUE_SYM_TOOL    shift, and go to state 8
    PE_EVENT_NAME        shift, and go to state 9
    PE_NAME              shift, and go to state 50
    PE_BPF_OBJECT        shift, and go to state 11
    PE_BPF_SOURCE        shift, and go to state 12
    PE_NAME_CACHE_TYPE   shift, and go to state 13
    PE_PREFIX_MEM        shift, and go to state 14
    PE_PMU_EVENT_PRE     shift, and go to state 15
    PE_KERNEL_PMU_EVENT  shift, and go to state 16

    event                    go to state 123
    event_mod                go to state 23
    event_name               go to state 24
    event_def                go to state 25
    event_pmu                go to state 26
    value_sym                go to state 27
    event_legacy_symbol      go to state 28
    event_legacy_cache       go to state 29
    event_legacy_mem         go to state 30
    event_legacy_tracepoint  go to state 31
    tracepoint_name          go to state 32
    event_legacy_numeric     go to state 33
    event_legacy_raw         go to state 34
    event_bpf_file           go to state 35


State 98

   11 group_def: '{' events '}' .

    $default  reduce using rule 11 (group_def)


State 99

    4 groups: groups ',' group .

    $default  reduce using rule 4 (groups)


State 100

    5 groups: groups ',' event .

    $default  reduce using rule 5 (groups)


State 101

    8 group: group_def ':' PE_MODIFIER_EVENT .

    $default  reduce using rule 8 (group)


State 102

   32 event_legacy_symbol: value_sym '/' event_config . '/'
   55 event_config: event_config . ',' event_term

    ','  shift, and go to state 82
    '/'  shift, and go to state 124


State 103

   63 event_term: PE_TERM '=' PE_VALUE .

    $default  reduce using rule 63 (event_term)


State 104

   62 event_term: PE_TERM '=' PE_NAME .

    $default  reduce using rule 62 (event_term)


State 105

   58 event_term: PE_NAME '=' PE_VALUE .

    $default  reduce using rule 58 (event_term)


State 106

   59 event_term: PE_NAME '=' PE_VALUE_SYM_HW .

    $default  reduce using rule 59 (event_term)


State 107

   57 event_term: PE_NAME '=' PE_NAME .

    $default  reduce using rule 57 (event_term)


State 108

   72 array_term: PE_VALUE .
   73           | PE_VALUE . PE_ARRAY_RANGE PE_VALUE

    PE_ARRAY_RANGE  shift, and go to state 125

    $default  reduce using rule 72 (array_term)


State 109

   68 array: '[' array_terms . ']'
   70 array_terms: array_terms . ',' array_term

    ','  shift, and go to state 126
    ']'  shift, and go to state 127


State 110

   71 array_terms: array_term .

    $default  reduce using rule 71 (array_terms)


State 111

   65 event_term: PE_NAME array '=' . PE_NAME
   66           | PE_NAME array '=' . PE_VALUE

    PE_VALUE  shift, and go to state 128
    PE_NAME   shift, and go to state 129


State 112

   55 event_config: event_config ',' event_term .

    $default  reduce using rule 55 (event_config)


State 113

   45 event_legacy_numeric: PE_VALUE ':' PE_VALUE opt_event_config .

    $default  reduce using rule 45 (event_legacy_numeric)


State 114

   49 opt_event_config: '/' event_config '/' .

    $default  reduce using rule 49 (opt_event_config)


State 115

   10 group_def: PE_NAME '{' events '}' .

    $default  reduce using rule 10 (group_def)


State 116

   43 tracepoint_name: PE_NAME '-' PE_NAME ':' . PE_NAME

    PE_NAME  shift, and go to state 130


State 117

   52 opt_pmu_config: '/' event_config '/' .

    $default  reduce using rule 52 (opt_pmu_config)


State 118

   35 event_legacy_cache: PE_NAME_CACHE_TYPE '-' PE_NAME_CACHE_OP_RESULT '-' . PE_NAME_CACHE_OP_RESULT opt_event_config

    PE_NAME_CACHE_OP_RESULT  shift, and go to state 131


State 119

   36 event_legacy_cache: PE_NAME_CACHE_TYPE '-' PE_NAME_CACHE_OP_RESULT opt_event_config .

    $default  reduce using rule 36 (event_legacy_cache)


State 120

   40 event_legacy_mem: PE_PREFIX_MEM PE_VALUE ':' PE_MODIFIER_BP . sep_dc

    ':'  shift, and go to state 63

    $default  reduce using rule 75 (sep_dc)

    sep_dc  go to state 132


State 121

   38 event_legacy_mem: PE_PREFIX_MEM PE_VALUE '/' PE_VALUE . ':' PE_MODIFIER_BP sep_dc
   39                 | PE_PREFIX_MEM PE_VALUE '/' PE_VALUE . sep_dc

    ':'  shift, and go to state 133

    $default  reduce using rule 75 (sep_dc)

    sep_dc  go to state 134


State 122

   29 event_pmu: PE_PMU_EVENT_PRE '-' PE_PMU_EVENT_SUF sep_dc .

    $default  reduce using rule 29 (event_pmu)


State 123

   12 events: events ',' event .

    $default  reduce using rule 12 (events)


State 124

   32 event_legacy_symbol: value_sym '/' event_config '/' .

    $default  reduce using rule 32 (event_legacy_symbol)


State 125

   73 array_term: PE_VALUE PE_ARRAY_RANGE . PE_VALUE

    PE_VALUE  shift, and go to state 135


State 126

   70 array_terms: array_terms ',' . array_term

    PE_VALUE  shift, and go to state 108

    array_term  go to state 136


State 127

   68 array: '[' array_terms ']' .

    $default  reduce using rule 68 (array)


State 128

   66 event_term: PE_NAME array '=' PE_VALUE .

    $default  reduce using rule 66 (event_term)


State 129

   65 event_term: PE_NAME array '=' PE_NAME .

    $default  reduce using rule 65 (event_term)


State 130

   43 tracepoint_name: PE_NAME '-' PE_NAME ':' PE_NAME .

    $default  reduce using rule 43 (tracepoint_name)


State 131

   35 event_legacy_cache: PE_NAME_CACHE_TYPE '-' PE_NAME_CACHE_OP_RESULT '-' PE_NAME_CACHE_OP_RESULT . opt_event_config

    '/'  shift, and go to state 45

    $default  reduce using rule 51 (opt_event_config)

    opt_event_config  go to state 137


State 132

   40 event_legacy_mem: PE_PREFIX_MEM PE_VALUE ':' PE_MODIFIER_BP sep_dc .

    $default  reduce using rule 40 (event_legacy_mem)


State 133

   38 event_legacy_mem: PE_PREFIX_MEM PE_VALUE '/' PE_VALUE ':' . PE_MODIFIER_BP sep_dc
   74 sep_dc: ':' .

    PE_MODIFIER_BP  shift, and go to state 138

    $default  reduce using rule 74 (sep_dc)


State 134

   39 event_legacy_mem: PE_PREFIX_MEM PE_VALUE '/' PE_VALUE sep_dc .

    $default  reduce using rule 39 (event_legacy_mem)


State 135

   73 array_term: PE_VALUE PE_ARRAY_RANGE PE_VALUE .

    $default  reduce using rule 73 (array_term)


State 136

   70 array_terms: array_terms ',' array_term .

    $default  reduce using rule 70 (array_terms)


State 137

   35 event_legacy_cache: PE_NAME_CACHE_TYPE '-' PE_NAME_CACHE_OP_RESULT '-' PE_NAME_CACHE_OP_RESULT opt_event_config .

    $default  reduce using rule 35 (event_legacy_cache)


State 138

   38 event_legacy_mem: PE_PREFIX_MEM PE_VALUE '/' PE_VALUE ':' PE_MODIFIER_BP . sep_dc

    ':'  shift, and go to state 63

    $default  reduce using rule 75 (sep_dc)

    sep_dc  go to state 139


State 139

   38 event_legacy_mem: PE_PREFIX_MEM PE_VALUE '/' PE_VALUE ':' PE_MODIFIER_BP sep_dc .

    $default  reduce using rule 38 (event_legacy_mem)
